nohup: ignoring input
ExoMol database
Molecule 			: CO2 
Isotopologue 		: 12C-16O2 
Dataset 			: UCL-4000
Reading states ...
Running time on CPU       : 29.809725194000002 s
Running time on system    : 25.126293897628784 s
Finished reading states!

Reading part transitions ...

Finding trans files:   0%|                                                   | 0/20 [00:00<?, ?it/s]
Finding trans files: 100%|██████████████████████████████████████| 20/20 [00:00<00:00, 213995.10it/s]

Reading transitions:   0%|                                                    | 0/1 [00:00<?, ?it/s]Reading transitions: 100%|████████████████████████████████████████████| 1/1 [01:20<00:00, 80.92s/it]Reading transitions: 100%|████████████████████████████████████████████| 1/1 [01:20<00:00, 80.92s/it]
Running time on CPU       : 80.817902793 s
Running time on system    : 81.14496946334839 s
Finished reading part transitions!

Calculate stick spectra.
Emission stick spectra
Stick spectra plot saved.
Running time on CPU       : 16.900955730000007 s
Running time on system    : 16.973734855651855 s
Stick spectra has been saved!


The program total running time:
Running time on CPU       : 130.461120928 s
Running time on system    : 126.15082478523254 s

Finished!
