nohup: ignoring input
ExoMol database
Molecule		: CO 
Isotopologue	: 12C-16O 
Dataset			: Li2015
Reading states ...
Running time on CPU       : 1.1382838080000006 s
Running time on system    : 0.018350839614868164 s
Finished reading states!

Reading part transitions ...
Reading transitions:   0%|                                                    | 0/1 [00:00<?, ?it/s]
 /mnt/data/exomol/exomol3_data/CO/12C-16O/Li2015/12C-16O__Li2015.trans.bz2
Reading transitions: 100%|████████████████████████████████████████████| 1/1 [00:00<00:00,  3.62it/s]Reading transitions: 100%|████████████████████████████████████████████| 1/1 [00:00<00:00,  3.61it/s]
Running time on CPU       : 1.906922068 s
Running time on system    : 0.282381534576416 s
Finished reading part transitions!

Calculate stick spectra.
Emission stick spectra
Stick spectra plot saved.
Running time on CPU       : 7.353565397000001 s
Running time on system    : 7.490930557250977 s
Stick spectra has been saved!


The program total running time:
Running time on CPU       : 10.778095417 s
Running time on system    : 7.798017501831055 s

Finished!
