nohup: ignoring input
ExoMol database
Molecule		: MgH 
Isotopologue	: 24Mg-1H 
Dataset			: XAB
Reading states ...
Running time on CPU       : 1.4401957569999997 s
Running time on system    : 0.022628307342529297 s
Finished reading states!

Reading part transitions ...

Reading transitions:   0%|                                                    | 0/1 [00:00<?, ?it/s]
 /mnt/data/exomol/exomol3_data/MgH/24Mg-1H/XAB/24Mg-1H__XAB.trans.bz2

Reading transitions: 100%|████████████████████████████████████████████| 1/1 [00:00<00:00,  5.63it/s]
Reading transitions: 100%|████████████████████████████████████████████| 1/1 [00:00<00:00,  5.62it/s]
Running time on CPU       : 3.923766647999999 s
Running time on system    : 0.18158292770385742 s
Finished reading part transitions!

Calculate stick spectra.
Absorption stick spectra
Stick spectra plot saved.
Running time on CPU       : 17.95734861 s
Running time on system    : 17.483417510986328 s
Stick spectra have been saved!

Calculate cross-sections.
Broadeners  	: Default
Ratios  		: 1.0
Absorption cross section
SciPy Voigt profile
Temperature selected      : 300    K
Pressure selected         : 1.0    bar
Cutoff is                 : 100.0  cm⁻¹
Threshold is              : None   cm⁻¹/(molecule cm⁻²)
Wavenumber range selected : 0.0 cm⁻¹ - 30000.0 cm⁻¹
Cross sections file saved.
Cross sections plot saved.
Running time on CPU       : 5.547128665999999 s
Running time on system    : 3.3732528686523438 s

The program total running time:
Running time on CPU       : 29.138002815999997 s
Running time on system    : 21.066349029541016 s

Finished!
