nohup: ignoring input
ExoMol database
Molecule		: ZrO 
Isotopologue	: 90Zr-16O 
Dataset			: ZorrO
Reading states ...
Running time on CPU       : 1.4273084850000002 s
Running time on system    : 1.4338374137878418 s
Finished reading states!

Reading part transitions ...
Reading transitions:   0%|                                                    | 0/1 [00:00<?, ?it/s]
 /mnt/data/exomol/exomol3_data/ZrO/90Zr-16O/ZorrO/90Zr-16O__ZorrO.trans.bz2
Reading transitions: 100%|████████████████████████████████████████████| 1/1 [01:13<00:00, 73.42s/it]Reading transitions: 100%|████████████████████████████████████████████| 1/1 [01:13<00:00, 73.42s/it]
Running time on CPU       : 73.303464228 s
Running time on system    : 73.59516954421997 s
Finished reading part transitions!

Convert data from the ExoMol format to the HITRAN format.
INFO: Pandarallel will run on 8 workers.
INFO: Pandarallel will use Memory file system to transfer data between the main process and workers.
Running time on CPU       : 12.18302251499999 s
Running time on system    : 12.82889199256897 s
Converted par file has been saved!


The program total running time:
Running time on CPU       : 86.94045853200001 s
Running time on system    : 87.88465523719788 s

Finished!
